  found input file powheg.input
  opened powheg.input
  powheginput keyword testplots            set to   1.00000000000000000     
  powheginput keyword numevts              set to   100000.000000000000     
  powheginput keyword manyseeds            absent; set to  -1000000.00000000000     
  powheginput keyword flg_debug            absent; set to  -1000000.00000000000     
  powheginput keyword withnegweights       absent; set to  -1000000.00000000000     
  powheginput keyword bornsuppfact         absent; set to  -1000000.00000000000     
  powheginput keyword ptsupp               absent; set to  -1000000.00000000000     
  powheginput keyword smartsig             absent; set to  -1000000.00000000000     
  powheginput keyword withsubtr            absent; set to  -1000000.00000000000     
  powheginput keyword hfact                absent; set to  -1000000.00000000000     
  powheginput keyword withdamp             absent; set to  -1000000.00000000000     
  powheginput keyword bornzerodamp         absent; set to  -1000000.00000000000     
  powheginput keyword hdamp                absent; set to  -1000000.00000000000     
  powheginput keyword bornonly             absent; set to  -1000000.00000000000     
  powheginput keyword iseed                set to    1774793.0000000000     
  powheginput keyword rand1                absent; set to  -1000000.00000000000     
  powheginput keyword rand2                absent; set to  -1000000.00000000000     
  powheginput keyword iupperisr            absent; set to  -1000000.00000000000     
  powheginput keyword iupperfsr            absent; set to  -1000000.00000000000     
  powheginput keyword pdfreweight          absent; set to  -1000000.00000000000     
 RM48 INITIALIZED:   1774793           0         0
  powheginput keyword par_diexp            absent; set to  -1000000.00000000000     
  powheginput keyword par_dijexp           absent; set to  -1000000.00000000000     
  powheginput keyword par_2gsupp           absent; set to  -1000000.00000000000     
  powheginput keyword ih1                  set to   1.00000000000000000     
  powheginput keyword ih2                  set to  -1.00000000000000000     
  powheginput keyword lhans1               set to    10550.000000000000     
  powheginput keyword lhans2               set to    10550.000000000000     
 ==== STAND-ALONE LHAGLUE MODE TO USE LHAPDF ====
 *************************************
 *       LHAPDF Version 5.8.9b2      *
 *   Configured for the following:   *
 *             All PDFs              *
 *         FULL MEMORY option        *
 *    Maximum  3 concurrent set(s)   *
 *************************************

 >>>>>> PDF description: <<<<<<
 CTEQ6.6                                                         
 Reference:                                                      
 P.M.Nadolsky, H.-L.Lai, Q.-H.Cao, J. Huston,                    
 J.Pumplin, D.Stump, W.-K.Tung and C.-P.Yuan.                    
 arXiv:0802.0007                                                 
 This set has 44 member PDFs.                                    
     mem=0 --> central value                                     
     mem=1-44 --> eigenvector sets                               
         use these for standard uncertainty calculations         
         all have alpha_s(mz) = 0.118                            
 >>>>>>                   <<<<<<

 ==============================================
 PDFset name /export/scratch1/rclsa/qed_unc/lhapdf/share/lhapdf/PDFsets/cteq66.LHgrid        
 with         44 members
 ====  initialized. ===========================
 Strong coupling at Mz for PDF is:  0.11798
  check: alpha_s(Mz)=  0.11798158779830836     
  alpha_s order (0,1,2):            1
  Lambda 5 is   0.22600000000000320     
  LHA value is   0.22600000000000001     
  powheginput keyword ebeam1               set to    980.00000000000000     
  powheginput keyword ebeam2               set to    980.00000000000000     
  powheginput keyword bornktmin            absent; set to  -1000000.00000000000     
  powheginput keyword ptsqmin              absent; set to  -1000000.00000000000     
  powheginput keyword charmthr             absent; set to  -1000000.00000000000     
  powheginput keyword bottomthr            absent; set to  -1000000.00000000000     
  powheginput keyword renscfact            absent; set to  -1000000.00000000000     
  powheginput keyword facscfact            absent; set to  -1000000.00000000000     
  powheginput keyword idvecbos             set to    24.000000000000000     
  powheginput keyword vdecaymode           set to   -11.000000000000000     
  powheginput keyword kt2minqed            absent; set to  -1000000.00000000000     

  POWHEG: Single W+ production and decay 
          to e+ ve 
  powheginput keyword easlight             absent; set to  -1000000.00000000000     
  born processes          12
          -5           2         -11          12
          -5           4         -11          12
          -3           2         -11          12
          -3           4         -11          12
          -1           2         -11          12
          -1           4         -11          12
           2          -5         -11          12
           2          -3         -11          12
           2          -1         -11          12
           4          -5         -11          12
           4          -3         -11          12
           4          -1         -11          12
  real processes          48
          -5           0         -11          12          -4
          -5           0         -11          12          -2
          -5           2         -11          12           0
          -5           2         -11          12          22
          -5           4         -11          12           0
          -5           4         -11          12          22
          -3           0         -11          12          -4
          -3           0         -11          12          -2
          -3           2         -11          12           0
          -3           2         -11          12          22
          -3           4         -11          12           0
          -3           4         -11          12          22
          -1           0         -11          12          -4
          -1           0         -11          12          -2
          -1           2         -11          12           0
          -1           2         -11          12          22
          -1           4         -11          12           0
          -1           4         -11          12          22
           0          -5         -11          12          -4
           0          -5         -11          12          -2
           0          -3         -11          12          -4
           0          -3         -11          12          -2
           0          -1         -11          12          -4
           0          -1         -11          12          -2
           0           2         -11          12           1
           0           2         -11          12           3
           0           2         -11          12           5
           0           4         -11          12           1
           0           4         -11          12           3
           0           4         -11          12           5
           2          -5         -11          12           0
           2          -5         -11          12          22
           2          -3         -11          12           0
           2          -3         -11          12          22
           2          -1         -11          12           0
           2          -1         -11          12          22
           2           0         -11          12           1
           2           0         -11          12           3
           2           0         -11          12           5
           4          -5         -11          12           0
           4          -5         -11          12          22
           4          -3         -11          12           0
           4          -3         -11          12          22
           4          -1         -11          12           0
           4          -1         -11          12          22
           4           0         -11          12           1
           4           0         -11          12           3
           4           0         -11          12           5
  powheginput keyword Wmass                absent; set to  -1000000.00000000000     
  powheginput keyword Wwidth               absent; set to  -1000000.00000000000     
  powheginput keyword alphaem              absent; set to  -1000000.00000000000     
  powheginput keyword Zmass                absent; set to  -1000000.00000000000     
  powheginput keyword Zwidth               absent; set to  -1000000.00000000000     
  powheginput keyword Hmass                absent; set to  -1000000.00000000000     
  powheginput keyword Tmass                absent; set to  -1000000.00000000000     
  powheginput keyword scheme               absent; set to  -1000000.00000000000     
  powheginput keyword gmu                  absent; set to  -1000000.00000000000     
  powheginput keyword CKM_Vud              absent; set to  -1000000.00000000000     
  powheginput keyword CKM_Vus              absent; set to  -1000000.00000000000     
  powheginput keyword CKM_Vub              absent; set to  -1000000.00000000000     
  powheginput keyword CKM_Vcd              absent; set to  -1000000.00000000000     
  powheginput keyword CKM_Vcs              absent; set to  -1000000.00000000000     
  powheginput keyword CKM_Vcb              absent; set to  -1000000.00000000000     
  powheginput keyword CKM_Vtd              absent; set to  -1000000.00000000000     
  powheginput keyword CKM_Vts              absent; set to  -1000000.00000000000     
  powheginput keyword CKM_Vtb              absent; set to  -1000000.00000000000     
  powheginput keyword masswindow_low       absent; set to  -1000000.00000000000     
  powheginput keyword masswindow_high      absent; set to  -1000000.00000000000     
 *************************************
 Z mass =    91.187600000000003     
 Z width =    2.4952000000000001     
 W mass =    80.397999999999996     
 W width =    2.1410000000000000     
 1/alphaem =    137.03599911000001     
 sthw2 =   0.22264585341299614     
 (unit_e)^2 =   9.17012368718677778E-002
 (g_w)^2 =   0.41187040075597947     
 CKM matrix
  0.97499999999999998       0.22200000000000000       1.00000000000000004E-010
  0.22200000000000000       0.97499999999999998       1.00000000000000004E-010
  1.00000000000000004E-010  1.00000000000000004E-010  1.00000000000000000     
 *************************************

 *************************************
   16.167999999999992      < M_W <   144.62799999999999     
 *************************************
  genflavreglist: light parton before flst_lightpart
  genflavreglist: light parton before flst_lightpart
  genflavreglist: light parton before flst_lightpart
  genflavreglist: light parton before flst_lightpart
  genflavreglist: light parton before flst_lightpart
  genflavreglist: light parton before flst_lightpart
  genflavreglist: light parton before flst_lightpart
  genflavreglist: light parton before flst_lightpart
  genflavreglist: light parton before flst_lightpart
  genflavreglist: light parton before flst_lightpart
  genflavreglist: light parton before flst_lightpart
  genflavreglist: light parton before flst_lightpart
  genflavreglist: light parton before flst_lightpart
  genflavreglist: light parton before flst_lightpart
  genflavreglist: light parton before flst_lightpart
  genflavreglist: light parton before flst_lightpart
  genflavreglist: light parton before flst_lightpart
  genflavreglist: light parton before flst_lightpart
  genflavreglist: light parton before flst_lightpart
  genflavreglist: light parton before flst_lightpart
  genflavreglist: light parton before flst_lightpart
  genflavreglist: light parton before flst_lightpart
  genflavreglist: light parton before flst_lightpart
  genflavreglist: light parton before flst_lightpart
  genflavreglist: light parton before flst_lightpart
  genflavreglist: light parton before flst_lightpart
  genflavreglist: light parton before flst_lightpart
  genflavreglist: light parton before flst_lightpart
  genflavreglist: light parton before flst_lightpart
  genflavreglist: light parton before flst_lightpart
  genflavreglist: light parton before flst_lightpart
  genflavreglist: light parton before flst_lightpart
  genflavreglist: light parton before flst_lightpart
  genflavreglist: light parton before flst_lightpart
  genflavreglist: light parton before flst_lightpart
  genflavreglist: light parton before flst_lightpart
  genflavreglist: light parton before flst_lightpart
  genflavreglist: light parton before flst_lightpart
  genflavreglist: light parton before flst_lightpart
  genflavreglist: light parton before flst_lightpart
  genflavreglist: light parton before flst_lightpart
  genflavreglist: light parton before flst_lightpart
  genflavreglist: light parton before flst_lightpart
  genflavreglist: light parton before flst_lightpart
  genflavreglist: light parton before flst_lightpart
  genflavreglist: light parton before flst_lightpart
  genflavreglist: light parton before flst_lightpart
  genflavreglist: light parton before flst_lightpart
  genflavreglist: light parton before flst_lightpart
  genflavreglist: light parton before flst_lightpart
  genflavreglist: light parton before flst_lightpart
  genflavreglist: light parton before flst_lightpart
  genflavreglist: light parton before flst_lightpart
  genflavreglist: light parton before flst_lightpart
  genflavreglist: light parton before flst_lightpart
  genflavreglist: light parton before flst_lightpart
  genflavreglist: light parton before flst_lightpart
  genflavreglist: light parton before flst_lightpart
  genflavreglist: light parton before flst_lightpart
  genflavreglist: light parton before flst_lightpart
  genflavreglist: light parton before flst_lightpart
  genflavreglist: light parton before flst_lightpart
  genflavreglist: light parton before flst_lightpart
  genflavreglist: light parton before flst_lightpart
  genflavreglist: light parton before flst_lightpart
  genflavreglist: light parton before flst_lightpart
  genflavreglist: light parton before flst_lightpart
  genflavreglist: light parton before flst_lightpart
  genflavreglist: light parton before flst_lightpart
  genflavreglist: light parton before flst_lightpart
  genflavreglist: light parton before flst_lightpart
  genflavreglist: light parton before flst_lightpart
  genflavreglist: light parton before flst_lightpart
  genflavreglist: light parton before flst_lightpart
  genflavreglist: light parton before flst_lightpart
  genflavreglist: light parton before flst_lightpart
  genflavreglist: light parton before flst_lightpart
  genflavreglist: light parton before flst_lightpart
  genflavreglist: light parton before flst_lightpart
  genflavreglist: light parton before flst_lightpart
  genflavreglist: light parton before flst_lightpart
  genflavreglist: light parton before flst_lightpart
  genflavreglist: light parton before flst_lightpart
  genflavreglist: light parton before flst_lightpart
  genflavreglist: light parton before flst_lightpart
  genflavreglist: light parton before flst_lightpart
  genflavreglist: light parton before flst_lightpart
  genflavreglist: light parton before flst_lightpart
  genflavreglist: light parton before flst_lightpart
  genflavreglist: light parton before flst_lightpart
  genflavreglist: light parton before flst_lightpart
  genflavreglist: light parton before flst_lightpart
  genflavreglist: light parton before flst_lightpart
  genflavreglist: light parton before flst_lightpart
  genflavreglist: light parton before flst_lightpart
  genflavreglist: light parton before flst_lightpart
  genflavreglist: light parton before flst_lightpart
  genflavreglist: light parton before flst_lightpart
  genflavreglist: light parton before flst_lightpart
  genflavreglist: light parton before flst_lightpart
  genflavreglist: light parton before flst_lightpart
  genflavreglist: light parton before flst_lightpart
  genflavreglist: light parton before flst_lightpart
  genflavreglist: light parton before flst_lightpart
  genflavreglist: light parton before flst_lightpart
  genflavreglist: light parton before flst_lightpart
  genflavreglist: light parton before flst_lightpart
  genflavreglist: light parton before flst_lightpart
  genflavreglist: light parton before flst_lightpart
  genflavreglist: light parton before flst_lightpart
  genflavreglist: light parton before flst_lightpart
  genflavreglist: light parton before flst_lightpart
  genflavreglist: light parton before flst_lightpart
  genflavreglist: light parton before flst_lightpart
  genflavreglist: light parton before flst_lightpart
  genflavreglist: light parton before flst_lightpart
  genflavreglist: light parton before flst_lightpart
  genflavreglist: light parton before flst_lightpart
  genflavreglist: light parton before flst_lightpart
  genflavreglist: light parton before flst_lightpart
  powheginput keyword runningscale         absent; set to  -1000000.00000000000     
 *************************************
     Factorization and renormalization 
     scales set to the W mass 
 *************************************
 RM48 INITIALIZED:   1774793           3         0
 RM48IN SKIPPING OVER               3
 RM48 INITIALIZED:   1774793           6         0
 RM48IN SKIPPING OVER               6
  powheginput keyword charmthrpdf          absent; set to  -1000000.00000000000     
  powheginput keyword bottomthrpdf         absent; set to  -1000000.00000000000     
 RM48 INITIALIZED:   1774793           0         0
  POWHEG:  
  Check of soft/collinear limits performed
  Results in file pwhg_checklimits
  powheginput keyword ncall1               set to    120000.00000000000     
  powheginput keyword ncall2               set to    250000.00000000000     
  powheginput keyword itmx1                set to    5.0000000000000000     
  powheginput keyword itmx2                set to    5.0000000000000000     
  powheginput keyword use-old-grid         set to    0.0000000000000000     

  POWHEG: initialization
  Computing the integral of the absolute value
  of the cross section to set up the adaptive grid
  result +- errtot (picobarn) for each iteration
 RM48 INITIALIZED:   1774793          12         0
 RM48IN SKIPPING OVER              12
  powheginput keyword btlscalereal         absent; set to  -1000000.00000000000     
  powheginput keyword btlscalect           absent; set to  -1000000.00000000000     
   1366.1513740659341        21.132327533901758     
   3440.1650442247533        1508.9002479672340     
   1447.5969016865693        69.519054744774778     
   1687.9220415883506        188.93804373568227     
   1516.5186664427570        116.95758814958032     
  Importance sampling x grids generated and stored
  powheginput keyword foldcsi              set to   1.00000000000000000     
  powheginput keyword foldy                set to   1.00000000000000000     
  powheginput keyword foldphi              set to   1.00000000000000000     
  POWHEG: Computing positive weight contribution to inclusive cross section
   1335.4033345973651        9.3710986740394322     
   1331.2041476880643        5.8590891487114201     
   1350.5530891080407        17.887731807214561     
   1361.6207140071208        23.099632244049726     
   1389.7033319764698        63.596559768850085     
 tot:   1187.8462240048038      +-   69.425084825971666     
 abs:   1519.5476229458852      +-   69.419929603675769     
 pos:   1353.6969234753631      +-   14.170732695678275     
 neg:   165.85069947053131      +-   67.960833201954301     
  powheginput keyword ubsigmadetails       absent; set to  -1000000.00000000000     
 btilde pos.   weights:   1353.6969234753631       +-   14.170732695678275     
 btilde |neg.| weights:   165.85069947053131       +-   67.960833201954301     
 btilde total (pos.-|neg.|):   1187.8462240048038       +-   69.425084825971666     
  total (btilde+remnants) cross section in pb   1187.8462240048038      +-   69.425084825971666     
  negative weight fraction:  0.10914478557046166     
  powheginput keyword nubound              set to    20000.000000000000     
  powheginput keyword iymax                set to   1.00000000000000000     
  powheginput keyword icsimax              set to   1.00000000000000000     
  powheginput keyword xupbound             set to    2.0000000000000000     
  powheginput keyword use-old-ubound       set to    0.0000000000000000     

  POWHEG: computing normalization of upper bounding function for radiation

 Initializing grids for the generation of the underlying
 Born configurations according to the Born cross section
   1048.9463735824888        3.2214395877502118     
   1050.8845526072707       0.90646096017617295     
   1050.5040266692652       0.88878681434705897     
   1050.7002883734413       0.88891231834723072     
   1050.0803033381378       0.87929345004792137     
   1050.7364406301904       0.61841383350173385     
   1050.7355166912791       0.62192198650158492     
   1051.4198914255344       0.62303241743948412     
   1050.5424270288825       0.62249175694428682     
   1050.7103299143207       0.61701724477192621     
 RM48 INITIALIZED:   1774793    33300018         0
 RM48IN SKIPPING OVER        33300018
  Normalization of upper bounding function for radiation computed and stored
 POWHEG: efficiency in the generation of the Born variables =  0.57350959194792528     

  POWHEG: generating events
  powheginput keyword testsuda             absent; set to  -1000000.00000000000     
  powheginput keyword radregion            absent; set to  -1000000.00000000000     
 powheginput WARNING: unused variable ndns1               
 powheginput WARNING: unused variable ndns2               
  found input file powheg.input
  opened powheg.input
  powheginput keyword kt2minqed            absent; set to  -1000000.00000000000     
 prefix: "pwg", seed: "none"
  Opened event file pwgevents.lhe                 
  Counting events in pwgevents.lhe                 
  This may take some time...
  Found       100000  events in file pwgevents.lhe                 
1                                                                              
 ******************************************************************************
 ******************************************************************************
 **                                                                          **
 **                                                                          **
 **              *......*                  Welcome to the Lund Monte Carlo!  **
 **         *:::!!:::::::::::*                                               **
 **      *::::::!!::::::::::::::*          PPP  Y   Y TTTTT H   H III   A    **
 **    *::::::::!!::::::::::::::::*        P  P  Y Y    T   H   H  I   A A   **
 **   *:::::::::!!:::::::::::::::::*       PPP    Y     T   HHHHH  I  AAAAA  **
 **   *:::::::::!!:::::::::::::::::*       P      Y     T   H   H  I  A   A  **
 **    *::::::::!!::::::::::::::::*!       P      Y     T   H   H III A   A  **
 **      *::::::!!::::::::::::::* !!                                         **
 **      !! *:::!!:::::::::::*    !!       This is PYTHIA version 6.425      **
 **      !!     !* -><- *         !!       Last date of change: 23 Mar 2011  **
 **      !!     !!                !!                                         **
 **      !!     !!                !!       Now is  0 Jan 2000 at  0:00:00    **
 **      !!                       !!                                         **
 **      !!        lh             !!       Disclaimer: this program comes    **
 **      !!                       !!       without any guarantees. Beware    **
 **      !!                 hh    !!       of errors and use common sense    **
 **      !!    ll                 !!       when interpreting results.        **
 **      !!                       !!                                         **
 **      !!                                Copyright T. Sjostrand (2011)     **
 **                                                                          **
 ** An archive of program versions and documentation is found on the web:    **
 ** http://www.thep.lu.se/~torbjorn/Pythia.html                              **
 **                                                                          **
 ** When you cite this program, the official reference is to the 6.4 manual: **
 ** T. Sjostrand, S. Mrenna and P. Skands, JHEP05 (2006) 026                 **
 ** (LU TP 06-13, FERMILAB-PUB-06-052-CD-T) [hep-ph/0603175].                **
 **                                                                          **
 ** Also remember that the program, to a large extent, represents original   **
 ** physics research. Other publications of special relevance to your        **
 ** studies may therefore deserve separate mention.                          **
 **                                                                          **
 ** Main author: Torbjorn Sjostrand; Department of Theoretical Physics,      **
 **   Lund University, Solvegatan 14A, S-223 62 Lund, Sweden;                **
 **   phone: + 46 - 46 - 222 48 16; e-mail: torbjorn@thep.lu.se              **
 ** Author: Stephen Mrenna; Computing Division, GDS Group,                   **
 **   Fermi National Accelerator Laboratory, MS 234, Batavia, IL 60510, USA; **
 **   phone: + 1 - 630 - 840 - 2556; e-mail: mrenna@fnal.gov                 **
 ** Author: Peter Skands; CERN/PH-TH, CH-1211 Geneva, Switzerland            **
 **   phone: + 41 - 22 - 767 24 47; e-mail: peter.skands@cern.ch             **
 **                                                                          **
 **                                                                          **
 ******************************************************************************
 ******************************************************************************
1****************** PYINIT: initialization of PYTHIA routines *****************

 ==============================================================================
 I                                                                            I
 I       PYTHIA will be initialized for p+ on pbar- user configuration        I
 I            with    980.000 GeV on    980.000 GeV beam energies             I
 I                                                                            I
 I           corresponding to   1960.000 GeV center-of-mass energy            I
 I                                                                            I
 ==============================================================================

 ******** PYMAXI: summary of differential cross-section maximum search ********

           ==========================================================
           I                                      I                 I
           I  ISUB  Subprocess name               I  Maximum value  I
           I                                      I                 I
           ==========================================================
           I                                      I                 I
           I    4   User process 9989             I    1.1879D-06   I
           I   96   Semihard QCD 2 -> 2           I    6.9985D+03   I
           I                                      I                 I
           ==========================================================

 ****** PYMULT: initialization of multiple interactions for MSTP(82) = 4 ******
        pT0 = 2.04 GeV gives sigma(parton-parton) = 3.14D+02 mb: accepted

 ****** PYMIGN: initialization of multiple interactions for MSTP(82) = 4 ******
        pT0 = 2.04 GeV gives sigma(parton-parton) = 1.36D+02 mb: accepted

 ********************** PYINIT: initialization completed **********************
 Message from PHCORK(MODCOR):: initialization
 MODOP=5 -- corrects Energy from mass+flow
1
 ********************************************************************************
 *                                                                              *
 *                          ==========================                          *
 *                            PHOTOS, Version:  2.15                            *
 *                            Released at:  11/10/ 5                            *
 *                          ==========================                          *
 *                                                                              *
 *                  PHOTOS QED Corrections in Particle Decays                   *
 *                                                                              *
 *         Monte Carlo Program - by E. Barberio, B. van Eijk and Z. Was         *
 *         Version 2.09  - by P. Golonka and Z.W.                               *
 *                                                                              *
 ********************************************************************************
 *                                                                              *
 *                  Internal input parameters:                                  *
 *                                                                              *
 *                  INTERF= F  ISEC= F  ITRE= F  IEXP= T  IFTOP= F   IFW= T     *
 *                  ALPHA_QED= 0.00730   XPHCUT=.100E-06                        *
 *                                                                              *
 *                  option with exponentiation is active EPSEXP=0.1000E-09      *
 *                  correction wt in decay of W is active                       *
 *                                                                              *
 *          WARNING (1): /HEPEVT/ is not anymore the standard common block      *
 *                                                                              *
 *          PHOTOS expects /d_HEPEVT/ to have REAL*8 variabl. To change to      *
 *          REAL*4 modify its declaration in subr. PHOTOS_GET PHOTOS_SET:       *
 *               REAL*8  d_h_phep,  d_h_vhep                                    *
 *          WARNING (2): check dims. of /d_hepevt/ /phoqed/ /ph_hepevt/.        *
 *          HERE:                     d_h_nmxhep=2000  and  NMXHEP=10000        *
 *                                                                              *
 ********************************************************************************

          Event listing of HEPEVT common block (simplified)

    I IST    ID   Mothers Daughters    p_x      p_y      p_z       E        m
    1 3    2212    0    0    0    0    0.000    0.000  980.000  980.000    0.938
    2 3   -2212    0    0    0    0    0.000    0.000 -980.000  980.000    0.938
    3 3       2    1    0    0    0    0.083    0.568  140.201  140.202    0.000
    4 3       1    2    0    0    0    3.149    0.981 -140.000  140.038    0.000
    5 3       2    3    0    0    0    0.080    0.546  134.760  134.761    0.000
    6 3      21    4    0    0    0   -4.828    2.136  -21.179   21.827    0.000
    7 3      24    5    6    0    0    5.189    0.455   54.246   96.386   79.502
    8 3       1    5    6    0    0   -9.937    2.227   59.334   60.202    0.000
    9 3     -11    7    0    0    0   -7.532    6.672  -18.775   21.302    0.001
   10 3      12    7    0    0    0   12.847   -6.331   73.339   74.724    0.000
   11 3      22    7    0    0    0   -0.118    0.106   -0.297    0.337    0.000
   12 3      22    7    0    0    0   -0.008    0.007   -0.021    0.023    0.000
   13 2      24    7    0   14   17    5.189    0.455   54.246   96.386   79.502
   14 1     -11    9    0    0    0   -7.532    6.672  -18.775   21.302    0.001
   15 1      12   10    0    0    0   12.847   -6.331   73.339   74.724    0.000
   16 1      22   11    0    0    0   -0.118    0.106   -0.297    0.337    0.000
   17 1      22   12    0    0    0   -0.008    0.007   -0.021    0.023    0.000
   18 2       1    8    0  108  108   -9.937    2.227   59.334   60.202    0.000
   19 2      21    1    0  108  108   -1.190   -0.583    3.720    3.949    0.000
   20 2      21    1    0  108  108    0.170   -0.840    4.369    4.452    0.000
   21 2      21    1    0  108  108   -0.522   -0.258    6.287    6.314    0.000
   22 2      -2    1    0  108  108   -1.908   -0.320   -0.267    1.980    0.330
   23 2       2    1    0  119  119   -0.590   -1.732   59.912   59.940    0.330
   24 2      21    2    0  119  119   -0.285    1.652    5.826    6.062    0.000
   25 2      21    2    0  119  119   -0.471   -0.270    2.309    2.371    0.000
   26 2      21    2    0  119  119   -0.107   -0.307   18.034   18.037    0.000
   27 2      -3    2    0  119  119   -0.027   -0.655    4.028    4.111    0.500
   28 2       1    1    0  128  128    1.292    1.208    0.121    1.803    0.330
   29 2      -1    2    0  128  128   -0.371    0.039  -17.078   17.082    0.000
   30 2       2    1    0  137  137   -0.350   -0.741  -58.670   58.677    0.330
   31 2      21    2    0  137  137    0.292    0.175   -7.267    7.275    0.000
   32 2      21    2    0  137  137   -0.850    0.075  -14.451   14.476    0.000
   33 2      21    2    0  137  137   -0.573   -1.349   -3.615    3.901    0.000
   34 2      -2    1    0  137  137    0.483   -0.125  -35.614   35.618    0.000
   35 2      -1    1    0  147  147   -0.586    0.012   10.810   10.826    0.000
   36 2      21    4    0  147  147    0.731   -0.345    4.555    4.626    0.000
   37 2      21    4    0  147  147   -0.404    0.082    0.056    0.416    0.000
   38 2      21    4    0  147  147    0.357    0.715  -16.813   16.832    0.000
   39 2      21    4    0  147  147    0.557   -0.345   -6.172    6.207    0.000
   40 2      21    4    0  147  147    0.250    0.891   -9.122    9.169    0.000
   41 2      21    4    0  147  147    0.908   -0.510   -5.416    5.515    0.000
   42 2      21    4    0  147  147    0.567   -0.257  -11.535   11.551    0.000
   43 2      21    4    0  147  147    1.401   -0.299  -16.648   16.709    0.000
   44 2      21    4    0  147  147    1.659   -0.543   -5.179    5.465    0.000
   45 2      21    4    0  147  147    0.222    0.271   -6.680    6.689    0.000
   46 2       1    4    0  147  147    1.732   -0.791  -40.425   40.472    0.330
   47 2    2101    1    0   90   90   -0.409   -0.025  514.463  514.464    0.000
   48 2      21    1    0   91   91    1.153   -1.238   15.674   15.765    0.000
   49 2      21    1    0   92   92    1.110   -1.369   -0.504    1.833    0.000
   50 2      21    2    0   93   93   -1.247   -0.995   -1.566    2.236    0.000
   51 2      21    2    0   94   94   -0.241    0.447    0.130    0.524    0.000
   52 2      21    2    0   95   95   -0.624    1.209   -2.283    2.658    0.000
   53 2      21    2    0   96   96   -3.531    3.634  -10.981   12.093    0.000
   54 2      21    2    0   97   97   -0.081   -0.562    0.059    0.571    0.000
   55 2      21    2    0   98   98    0.833   -0.452   -4.145    4.252    0.000
   56 2      21    2    0   99   99   -0.295   -0.443   -0.336    0.630    0.000
   57 2      21    1    0  100  100   -1.345   -0.613  -22.480   22.528    0.000
   58 2      21    2    0  102  102    0.542    0.275  -18.228   18.238    0.000
   59 2      21    1    0  103  103   -0.919    0.028    0.162    0.934    0.000
   60 2       2    1    0  104  104    0.412    0.420   -0.008    0.675    0.330
   61 2      -2    2    0   88   88   -0.116   -0.060   -7.583    7.584    0.000
   62 2   -2101    2    0   88   88    0.372    0.173 -604.085  604.085    0.000
   63 2      -2    2    0  105  105    1.188    0.486   -1.321    1.871    0.330
   64 2       3    2    0  105  105    0.627    0.908   -0.619    1.360    0.500
   65 2       3    2    0  169  169    1.227    0.607   22.266   22.314    0.500
   66 2      -3    2    0  169  169    0.757   -0.723  -17.302   17.340    0.500
   67 2      -2    1    0  179  179   -0.486   -0.330   11.891   11.910    0.330
   68 2      21    1    0  179  179   -1.081   -0.939   10.387   10.485    0.000
   69 2      21    1    0  179  179   -0.307    0.316    6.926    6.940    0.000
   70 2      21    2    0  179  179   -1.130    0.222    3.549    3.731    0.000
   71 2      21    2    0  179  179    0.094    0.647   -0.123    0.665    0.000
   72 2      21    2    0  179  179   -0.114    0.561    1.713    1.807    0.000
   73 2      21    2    0  179  179    0.486    0.187    4.554    4.584    0.000
   74 2      21    1    0  179  179    0.989   -1.048   71.669   71.684    0.000
   75 2      21    1    0  179  179   -0.712   -0.501   27.297   27.311    0.000
   76 2      21    2    0  179  179    0.671    0.737    4.057    4.178    0.000
   77 2      21    2    0  179  179    0.403    1.383    1.475    2.062    0.000
   78 2      21    1    0  179  179    1.167   -0.631   -0.739    1.519    0.000
   79 2      21    1    0  179  179    0.010   -0.892   -0.311    0.944    0.000
   80 2      21    1    0  179  179    1.304   -0.391   -0.732    1.546    0.000
   81 2      21    1    0  179  179    1.171    0.207    5.667    5.791    0.000
   82 2      21    1    0  179  179    0.242    0.798    4.414    4.492    0.000
   83 2      21    1    0  179  179    0.592    0.090    6.074    6.104    0.000
   84 2       1    2    0  179  179    0.217    0.149    0.681    0.802    0.330
   85 2       2    2    0  209  209   -0.706    0.272   -0.490    0.960    0.330
   86 2      21    2    0  209  209    0.240    0.557   -0.473    0.769    0.000
   87 2      -1    2    0  209  209   -0.104   -0.629    2.547    2.646    0.330
   88 2      91   61   62   89   89    0.256    0.114 -611.668  611.669    1.209
   89 1   -2212   88    0    0    0    0.199    0.088 -474.721  474.722    0.938
   90 2    2101   47    0  214  214   -0.409   -0.025  514.463  514.464    0.000
   91 2      21   48    0  214  214    1.153   -1.238   15.674   15.765    0.000
   92 2      21   49    0  214  214    1.110   -1.369   -0.504    1.833    0.000
   93 2      21   50    0  214  214   -1.247   -0.995   -1.566    2.236    0.000
   94 2      21   51    0  214  214   -0.241    0.447    0.130    0.524    0.000
   95 2      21   52    0  214  214   -0.624    1.209   -2.283    2.658    0.000
   96 2      21   53    0  214  214   -3.531    3.634  -10.981   12.093    0.000
   97 2      21   54    0  214  214   -0.081   -0.562    0.059    0.571    0.000
   98 2      21   55    0  214  214    0.833   -0.452   -4.145    4.252    0.000
   99 2      21   56    0  214  214   -0.295   -0.443   -0.336    0.630    0.000
  100 2      21   57    0  214  214   -1.345   -0.613  -22.480   22.528    0.000
  101 2      21   88    0  214  214    0.057    0.025 -136.947  136.947    0.271
  102 2      21   58    0  214  214    0.542    0.275  -18.228   18.238    0.000
  103 2      21   59    0  214  214   -0.919    0.028    0.162    0.934    0.000
  104 2       2   60    0  214  214    0.412    0.420   -0.008    0.675    0.330
  105 2      91   63   64  106  107    1.815    1.393   -1.940    3.231    1.201
  106 2     221  105    0  247  248    1.261    1.151   -1.212    2.164    0.547
  107 1    -321  105    0    0    0    0.554    0.243   -0.728    1.067    0.494
  108 2      92   18   22  109  118  -13.387    0.226   73.443   76.897   18.441
  109 2    -213  108    0  249  250   -3.273    0.205   19.140   19.435    0.779
  110 1     211  108    0    0    0   -0.878    0.052    3.152    3.275    0.140
  111 2    2114  108    0  251  252   -5.055    1.884   32.415   32.883    1.223
  112 2     213  108    0  253  254   -1.212   -0.728    8.138    8.294    0.758
  113 2   -2224  108    0  255  256   -0.679   -0.528    6.612    6.787    1.271
  114 2     113  108    0  257  258   -0.462   -0.035    1.966    2.126    0.663
  115 2     221  108    0  259  261   -0.632   -0.484    1.050    1.427    0.547
  116 2     213  108    0  262  263   -0.456   -0.012   -0.052    1.105    1.005
  117 2     221  108    0  264  265   -0.163    0.006    0.556    0.798    0.547
  118 1    -211  108    0    0    0   -0.577   -0.134    0.465    0.766    0.140
  119 2      92   23   27  120  127   -1.480   -1.312   90.108   90.523    8.426
  120 1     111  119    0    0    0   -0.335   -0.838   21.343   21.362    0.135
  121 2    2224  119    0  266  267    0.338    0.549   10.585   10.671    1.191
  122 2   -2224  119    0  268  269   -0.910   -0.570   25.462   25.513    1.207
  123 2     221  119    0  270  271    0.148   -0.307    9.494    9.516    0.547
  124 2     323  119    0  272  273   -0.069    0.704    6.141    6.243    0.871
  125 2    -311  119    0  274  274   -0.495   -0.326    6.609    6.654    0.498
  126 1    -211  119    0    0    0   -0.155   -0.021    0.605    0.640    0.140
  127 2     323  119    0  275  276   -0.002   -0.503    9.870    9.924    0.901
  128 2      92   28   29  129  136    0.921    1.246  -16.957   18.885    8.167
  129 1     111  128    0    0    0    0.179    0.019   -0.357    0.422    0.135
  130 2     113  128    0  277  278    0.103    0.357   -0.030    0.888    0.806
  131 1    -211  128    0    0    0    0.421   -0.028   -2.026    2.074    0.140
  132 1     211  128    0    0    0    0.021    0.485   -0.756    0.909    0.140
  133 1    2112  128    0    0    0    0.169   -0.303   -2.080    2.309    0.940
  134 2   -2114  128    0  279  280   -0.314    0.457   -2.783    3.086    1.213
  135 1    -211  128    0    0    0    0.739    0.266   -1.470    1.672    0.140
  136 2     213  128    0  281  282   -0.397   -0.005   -7.456    7.525    0.943
  137 2      92   30   34  138  146   -0.997   -1.965 -119.618  119.947    8.602
  138 1     111  137    0    0    0   -0.428    0.007   -4.721    4.743    0.135
  139 2     113  137    0  283  284   -0.006   -0.262  -23.304   23.318    0.765
  140 2     223  137    0  285  287    0.075   -0.414  -25.862   25.877    0.782
  141 1     111  137    0    0    0   -0.269   -0.202   -0.627    0.724    0.135
  142 2     213  137    0  288  289   -0.197   -0.413  -19.276   19.298    0.796
  143 2     113  137    0  290  291    0.037   -0.214  -12.432   12.460    0.808
  144 1     111  137    0    0    0   -0.493    0.362   -2.735    2.806    0.135
  145 2     113  137    0  292  293   -0.088   -0.860  -13.116   13.151    0.416
  146 2    -213  137    0  294  295    0.371    0.030  -17.545   17.571    0.874
  147 2      92   35   46  148  168    7.395   -1.122 -102.569  134.479   86.651
  148 2     113  147    0  296  297    0.644    0.021    1.544    1.848    0.786
  149 1     111  147    0    0    0   -0.809   -0.110    6.003    6.060    0.135
  150 2     113  147    0  298  299    0.398    0.012    2.154    2.325    0.781
  151 2     213  147    0  300  301   -0.405    0.046    3.761    3.888    0.894
  152 1    -211  147    0    0    0   -0.000   -0.287    0.249    0.405    0.140
  153 1     111  147    0    0    0    0.085    0.277    0.430    0.536    0.135
  154 2    -313  147    0  302  303   -0.117    0.146   -1.470    1.744    0.919
  155 2     323  147    0  304  305   -0.247   -0.565    0.055    1.094    0.902
  156 2    -213  147    0  306  307    0.169    0.469   -2.172    2.294    0.547
  157 2    -313  147    0  308  309    0.285   -0.037   -4.153    4.260    0.906
  158 2   -3112  147    0  310  311    0.400    0.053   -3.095    3.343    1.197
  159 2     221  147    0  312  313   -0.260   -0.001   -1.780    1.880    0.547
  160 2    1114  147    0  314  315    0.818    0.150   -5.666    5.867    1.275
  161 1     211  147    0    0    0    0.084    0.286   -8.044    8.051    0.140
  162 1    -211  147    0    0    0    1.024   -0.345  -14.583   14.624    0.140
  163 2     223  147    0  316  318    0.926    0.397   -5.990    6.124    0.782
  164 1     111  147    0    0    0    0.896   -0.516   -7.577    7.648    0.135
  165 2     221  147    0  319  321    0.200   -0.430   -9.098    9.127    0.547
  166 1     211  147    0    0    0    1.227    0.277   -9.185    9.271    0.140
  167 1     111  147    0    0    0    0.398   -0.238   -1.162    1.259    0.135
  168 1    -211  147    0    0    0    1.680   -0.726  -42.791   42.830    0.140
  169 2      92   65   66  170  178    1.984   -0.116    4.965   39.654   39.292
  170 1    -321  169    0    0    0    0.094   -0.196    1.552    1.643    0.494
  171 2     213  169    0  322  323    0.554    0.453   17.617   17.647    0.748
  172 2    -213  169    0  324  325   -0.071    0.322    1.831    2.020    0.787
  173 1     211  169    0    0    0    0.662   -0.621   -0.032    0.919    0.140
  174 1     111  169    0    0    0   -0.107    0.602    0.344    0.715    0.135
  175 1     111  169    0    0    0    0.099   -0.292   -0.130    0.361    0.135
  176 1    -211  169    0    0    0    0.130   -0.082   -4.559    4.564    0.140
  177 2     213  169    0  326  327    0.290   -0.067   -3.485    3.551    0.615
  178 2     313  169    0  328  329    0.332   -0.235   -8.174    8.235    0.912
  179 2      92   67   84  180  208    3.517    0.566  158.451  166.553   51.193
  180 2    -213  179    0  330  331   -1.015   -0.396   19.690   19.746    1.014
  181 2     213  179    0  332  333   -0.829   -0.052    5.379    5.478    0.619
  182 2    -213  179    0  334  335   -0.785   -0.489    3.475    3.660    0.683
  183 2     213  179    0  336  337    0.227    0.262    0.563    0.775    0.406
  184 1   -2212  179    0    0    0    0.020    0.175    3.937    4.051    0.938
  185 1    2212  179    0    0    0   -0.327    0.257    4.523    4.638    0.938
  186 1    -211  179    0    0    0    0.122    0.500    1.588    1.675    0.140
  187 2     213  179    0  338  339    0.354   -0.595    2.477    2.694    0.801
  188 2     221  179    0  340  342   -0.226    0.646    5.842    5.907    0.547
  189 2     221  179    0  343  345   -0.346    0.151    4.739    4.786    0.547
  190 1    -211  179    0    0    0    0.035   -0.195    3.088    3.097    0.140
  191 1     211  179    0    0    0    0.361    0.182   19.224   19.229    0.140
  192 2    -213  179    0  346  347    0.055   -0.764   18.835   18.864    0.706
  193 2    -313  179    0  348  349    0.297   -0.114   12.952   12.987    0.899
  194 2   -3122  179    0  350  351    0.217    0.206    8.851    8.926    1.116
  195 1    2112  179    0    0    0    0.441    0.318   14.654   14.694    0.940
  196 2     223  179    0  352  354   -0.297   -0.452   10.431   10.474    0.782
  197 1     111  179    0    0    0    0.141    0.534    0.866    1.036    0.135
  198 2    -311  179    0  355  355   -0.232    0.332    1.394    1.535    0.498
  199 2     313  179    0  356  357    1.317   -0.592   -0.543    1.859    1.037
  200 2    -311  179    0  358  358    0.915    0.109    0.134    1.056    0.498
  201 2     313  179    0  359  360    0.167    0.182    0.241    0.975    0.911
  202 1     111  179    0    0    0   -0.073   -0.484    0.504    0.716    0.135
  203 2     213  179    0  361  362    0.485   -0.663    0.551    1.237    0.743
  204 2   -2224  179    0  363  364    0.686    0.867    2.060    2.664    1.277
  205 2     213  179    0  365  366    0.551    0.098    2.870    3.026    0.779
  206 1    2112  179    0    0    0   -0.087   -0.435    1.358    1.710    0.940
  207 2    -313  179    0  367  368    1.234    0.707    6.799    7.007    0.923
  208 2     311  179    0  369  369    0.111    0.272    1.971    2.054    0.498
  209 2      92   85   87  210  213   -0.570    0.199    1.583    4.375    4.034
  210 2     213  209    0  370  371   -0.650    0.241   -0.003    1.333    1.138
  211 2     223  209    0  372  374   -0.195    0.379   -0.233    0.919    0.780
  212 1    -211  209    0    0    0   -0.035   -0.054    0.828    0.843    0.140
  213 2     213  209    0  375  376    0.310   -0.367    0.990    1.280    0.654
  214 2      92   90  104  215  246   -4.584    0.342  333.010  734.347  654.484
  215 1    2112  214    0    0    0   -0.298    0.481  424.214  424.215    0.940
  216 1   -2212  214    0    0    0   -0.070   -0.735   40.827   40.844    0.938
  217 2    2224  214    0  377  378    0.711   -0.162   19.133   19.186    1.220
  218 2    -213  214    0  379  380   -0.021   -0.161   29.017   29.029    0.815
  219 2     213  214    0  381  382   -0.085    0.007    6.517    6.572    0.845
  220 1     111  214    0    0    0    0.233   -0.035    3.695    3.705    0.135
  221 1    -211  214    0    0    0    0.224   -0.486    0.762    0.941    0.140
  222 2     213  214    0  383  384   -0.307   -0.642    5.461    5.561    0.778
  223 2    -213  214    0  385  386    0.639   -0.548   -0.540    1.242    0.738
  224 2    -311  214    0  387  387    0.248    0.005    0.343    0.654    0.498
  225 1     321  214    0    0    0    0.092   -0.458   -0.847    1.085    0.494
  226 2    -323  214    0  388  389   -0.253    0.134   -0.380    1.007    0.887
  227 1     321  214    0    0    0   -0.519    0.645   -0.965    1.364    0.494
  228 2   -3214  214    0  390  391   -1.073   -0.045   -2.569    3.112    1.389
  229 2    3214  214    0  392  393   -1.979    2.036   -4.365    5.383    1.364
  230 1     111  214    0    0    0   -0.113    0.225   -0.660    0.719    0.135
  231 2    -213  214    0  394  395   -0.833    0.183   -2.364    2.620    0.741
  232 1   -2112  214    0    0    0    0.561    0.073   -3.189    3.372    0.940
  233 2     113  214    0  396  397   -0.952   -0.170   -2.213    2.541    0.788
  234 2    2114  214    0  398  399    0.032   -0.153   -4.472    4.680    1.371
  235 1     111  214    0    0    0   -0.727    0.205   -3.078    3.172    0.135
  236 2     213  214    0  400  401    0.548   -0.477   -5.075    5.170    0.669
  237 1    -211  214    0    0    0   -0.026    0.080   -2.570    2.575    0.140
  238 1     111  214    0    0    0    0.271   -0.040   -5.061    5.070    0.135
  239 2     113  214    0  402  403    0.283   -0.550  -13.859   13.887    0.627
  240 2     213  214    0  404  405   -0.004    0.684  -56.383   56.391    0.612
  241 1    -211  214    0    0    0   -0.726   -0.430   -2.945    3.067    0.140
  242 2    -313  214    0  406  407    0.485    0.052  -77.097   77.104    0.906
  243 2     333  214    0  408  409   -0.369    0.035   -7.319    7.399    1.020
  244 2     323  214    0  410  411   -0.661    0.197   -0.822    1.315    0.761
  245 2    -213  214    0  412  413   -0.184   -0.108   -0.144    0.770    0.725
  246 1     211  214    0    0    0    0.287    0.500   -0.041    0.594    0.140
  247 1      22  106    0    0    0    0.689    0.404   -0.821    1.146    0.000
  248 1      22  106    0    0    0    0.571    0.746   -0.391    1.018    0.000
  249 1    -211  109    0    0    0   -1.561    0.463    9.194    9.338    0.140
  250 1     111  109    0    0    0   -1.712   -0.257    9.947   10.097    0.135
  251 1    2112  111    0    0    0   -3.311    1.252   20.576   20.899    0.940
  252 1     111  111    0    0    0   -1.744    0.632   11.839   11.984    0.135
  253 1     211  112    0    0    0   -1.113   -0.840    7.238    7.372    0.140
  254 1     111  112    0    0    0   -0.099    0.112    0.900    0.922    0.135
  255 1   -2212  113    0    0    0   -0.515   -0.471    6.281    6.389    0.938
  256 1    -211  113    0    0    0   -0.164   -0.058    0.331    0.399    0.140
  257 1     211  114    0    0    0    0.063   -0.190    0.603    0.651    0.140
  258 1    -211  114    0    0    0   -0.525    0.154    1.363    1.475    0.140
  259 1     211  115    0    0    0   -0.312   -0.057    0.411    0.538    0.140
  260 1    -211  115    0    0    0   -0.102   -0.214    0.209    0.346    0.140
  261 1     111  115    0    0    0   -0.219   -0.212    0.430    0.544    0.135
  262 1     211  116    0    0    0   -0.377    0.016   -0.493    0.636    0.140
  263 1     111  116    0    0    0   -0.079   -0.028    0.441    0.468    0.135
  264 1      22  117    0    0    0    0.056    0.160   -0.011    0.170    0.000
  265 1      22  117    0    0    0   -0.219   -0.154    0.568    0.628    0.000
  266 1    2212  121    0    0    0    0.370    0.626    9.018    9.096    0.938
  267 1     211  121    0    0    0   -0.032   -0.078    1.567    1.575    0.140
  268 1   -2212  122    0    0    0   -0.665   -0.527   22.990   23.025    0.938
  269 1    -211  122    0    0    0   -0.246   -0.042    2.472    2.488    0.140
  270 1      22  123    0    0    0   -0.112    0.104    1.733    1.740    0.000
  271 1      22  123    0    0    0    0.260   -0.410    7.761    7.776    0.000
  272 2     311  124    0  414  414   -0.316    0.483    4.090    4.161    0.498
  273 1     211  124    0    0    0    0.247    0.222    2.050    2.082    0.140
  274 1     130  125    0    0    0   -0.495   -0.326    6.609    6.654    0.498
  275 2     311  127    0  415  415    0.138   -0.149    3.517    3.558    0.498
  276 1     211  127    0    0    0   -0.141   -0.355    6.353    6.366    0.140
  277 1    -211  130    0    0    0   -0.181    0.479   -0.102    0.541    0.140
  278 1     211  130    0    0    0    0.284   -0.122    0.072    0.347    0.140
  279 1   -2112  134    0    0    0   -0.352    0.174   -2.128    2.359    0.940
  280 1     111  134    0    0    0    0.037    0.283   -0.655    0.727    0.135
  281 1     211  136    0    0    0   -0.110    0.427   -4.261    4.286    0.140
  282 1     111  136    0    0    0   -0.288   -0.433   -3.195    3.240    0.135
  283 1     211  139    0    0    0   -0.304   -0.252   -8.430    8.440    0.140
  284 1    -211  139    0    0    0    0.298   -0.010  -14.874   14.877    0.140
  285 1    -211  140    0    0    0    0.124   -0.341  -18.227   18.231    0.140
  286 1     211  140    0    0    0   -0.152   -0.032   -2.719    2.727    0.140
  287 1     111  140    0    0    0    0.103   -0.040   -4.916    4.919    0.135
  288 1     211  142    0    0    0   -0.119    0.015  -14.260   14.261    0.140
  289 1     111  142    0    0    0   -0.078   -0.428   -5.016    5.037    0.135
  290 1    -211  143    0    0    0   -0.073    0.269   -3.820    3.833    0.140
  291 1     211  143    0    0    0    0.110   -0.483   -8.611    8.626    0.140
  292 1     211  145    0    0    0   -0.162   -0.697  -10.450   10.476    0.140
  293 1    -211  145    0    0    0    0.074   -0.163   -2.666    2.675    0.140
  294 1    -211  146    0    0    0    0.138    0.096   -1.009    1.032    0.140
  295 1     111  146    0    0    0    0.233   -0.066  -16.537   16.539    0.135
  296 1    -211  148    0    0    0    0.382    0.337    1.135    1.252    0.140
  297 1     211  148    0    0    0    0.262   -0.317    0.408    0.596    0.140
  298 1    -211  150    0    0    0    0.146   -0.279    0.415    0.539    0.140
  299 1     211  150    0    0    0    0.252    0.291    1.739    1.787    0.140
  300 1     211  151    0    0    0    0.247   -0.051    0.788    0.839    0.140
  301 1     111  151    0    0    0   -0.652    0.097    2.973    3.049    0.135
  302 1    -321  154    0    0    0   -0.040    0.160   -1.493    1.581    0.494
  303 1     211  154    0    0    0   -0.078   -0.014    0.024    0.162    0.140
  304 1     321  155    0    0    0    0.045   -0.072    0.067    0.505    0.494
  305 1     111  155    0    0    0   -0.292   -0.493   -0.012    0.589    0.135
  306 1    -211  156    0    0    0    0.310    0.194   -0.959    1.035    0.140
  307 1     111  156    0    0    0   -0.140    0.275   -1.213    1.259    0.135
  308 2    -311  157    0  416  416    0.468    0.013   -3.524    3.590    0.498
  309 1     111  157    0    0    0   -0.183   -0.050   -0.629    0.671    0.135
  310 1   -2112  158    0    0    0    0.307    0.041   -1.959    2.195    0.940
  311 1     211  158    0    0    0    0.092    0.012   -1.135    1.148    0.140
  312 1      22  159    0    0    0    0.074   -0.119   -1.142    1.150    0.000
  313 1      22  159    0    0    0   -0.334    0.118   -0.638    0.730    0.000
  314 1    2112  160    0    0    0    0.426    0.085   -4.711    4.824    0.940
  315 1    -211  160    0    0    0    0.392    0.065   -0.955    1.044    0.140
  316 1     211  163    0    0    0    0.167   -0.103   -1.655    1.673    0.140
  317 1    -211  163    0    0    0    0.313    0.121   -2.353    2.381    0.140
  318 1     111  163    0    0    0    0.445    0.379   -1.981    2.070    0.135
  319 1     211  165    0    0    0    0.010   -0.007   -2.836    2.839    0.140
  320 1    -211  165    0    0    0    0.010   -0.185   -2.239    2.251    0.140
  321 1     111  165    0    0    0    0.180   -0.238   -4.024    4.037    0.135
  322 1     211  171    0    0    0    0.411    0.628   14.034   14.055    0.140
  323 1     111  171    0    0    0    0.143   -0.175    3.583    3.592    0.135
  324 1    -211  172    0    0    0    0.075    0.216    1.765    1.786    0.140
  325 1     111  172    0    0    0   -0.146    0.105    0.066    0.234    0.135
  326 1     211  177    0    0    0    0.441   -0.037   -2.724    2.763    0.140
  327 1     111  177    0    0    0   -0.151   -0.030   -0.761    0.788    0.135
  328 1     321  178    0    0    0   -0.069   -0.001   -3.428    3.464    0.494
  329 1    -211  178    0    0    0    0.401   -0.234   -4.746    4.771    0.140
  330 1    -211  180    0    0    0   -1.132   -0.186   13.285   13.335    0.140
  331 1     111  180    0    0    0    0.117   -0.210    6.405    6.411    0.135
  332 1     211  181    0    0    0   -0.587   -0.188    2.359    2.442    0.140
  333 1     111  181    0    0    0   -0.243    0.136    3.020    3.036    0.135
  334 1    -211  182    0    0    0   -0.236   -0.327    2.375    2.413    0.140
  335 1     111  182    0    0    0   -0.548   -0.161    1.100    1.247    0.135
  336 1     211  183    0    0    0    0.076   -0.041    0.128    0.208    0.140
  337 1     111  183    0    0    0    0.151    0.303    0.435    0.567    0.135
  338 1     211  187    0    0    0    0.535   -0.239    1.781    1.880    0.140
  339 1     111  187    0    0    0   -0.181   -0.356    0.696    0.814    0.135
  340 1     211  188    0    0    0   -0.206    0.159    1.801    1.825    0.140
  341 1    -211  188    0    0    0    0.052    0.316    2.360    2.386    0.140
  342 1     111  188    0    0    0   -0.073    0.171    1.681    1.696    0.135
  343 1     111  189    0    0    0   -0.116   -0.115    1.515    1.530    0.135
  344 1     111  189    0    0    0   -0.153    0.196    1.976    1.996    0.135
  345 1     111  189    0    0    0   -0.078    0.070    1.248    1.260    0.135
  346 1    -211  192    0    0    0    0.034   -0.811   12.498   12.525    0.140
  347 1     111  192    0    0    0    0.021    0.048    6.337    6.339    0.135
  348 1    -321  193    0    0    0    0.342   -0.017   12.198   12.213    0.494
  349 1     211  193    0    0    0   -0.045   -0.097    0.754    0.774    0.140
  350 1   -2212  194    0    0    0    0.228    0.260    7.949    8.012    0.938
  351 1     211  194    0    0    0   -0.011   -0.054    0.902    0.914    0.140
  352 1    -211  196    0    0    0    0.159   -0.266    4.561    4.574    0.140
  353 1     211  196    0    0    0   -0.241   -0.048    3.806    3.816    0.140
  354 1     111  196    0    0    0   -0.215   -0.138    2.064    2.084    0.135
  355 1     130  198    0    0    0   -0.232    0.332    1.394    1.535    0.498
  356 1     321  199    0    0    0    0.913   -0.732   -0.601    1.405    0.494
  357 1    -211  199    0    0    0    0.404    0.140    0.058    0.454    0.140
  358 1     130  200    0    0    0    0.915    0.109    0.134    1.056    0.498
  359 1     321  201    0    0    0    0.239    0.098    0.438    0.709    0.494
  360 1    -211  201    0    0    0   -0.071    0.084   -0.197    0.266    0.140
  361 1     211  203    0    0    0    0.491   -0.354    0.636    0.889    0.140
  362 1     111  203    0    0    0   -0.007   -0.309   -0.085    0.348    0.135
  363 1   -2212  204    0    0    0    0.773    0.714    1.970    2.422    0.938
  364 1    -211  204    0    0    0   -0.087    0.152    0.090    0.241    0.140
  365 1     211  205    0    0    0    0.531    0.339    1.582    1.708    0.140
  366 1     111  205    0    0    0    0.020   -0.241    1.288    1.317    0.135
  367 1    -321  207    0    0    0    0.976    0.653    4.144    4.335    0.494
  368 1     211  207    0    0    0    0.258    0.053    2.656    2.672    0.140
  369 1     130  208    0    0    0    0.111    0.272    1.971    2.054    0.498
  370 1     211  210    0    0    0   -0.572    0.415    0.432    0.840    0.140
  371 1     111  210    0    0    0   -0.078   -0.173   -0.435    0.493    0.135
  372 1     211  211    0    0    0   -0.313    0.146   -0.057    0.377    0.140
  373 1    -211  211    0    0    0    0.028   -0.031   -0.181    0.232    0.140
  374 1     111  211    0    0    0    0.090    0.264    0.005    0.310    0.135
  375 1     211  213    0    0    0    0.207   -0.380    0.247    0.518    0.140
  376 1     111  213    0    0    0    0.103    0.013    0.743    0.763    0.135
  377 1    2212  217    0    0    0    0.735   -0.066   14.325   14.374    0.938
  378 1     211  217    0    0    0   -0.024   -0.097    4.808    4.811    0.140
  379 1    -211  218    0    0    0   -0.307    0.026    6.428    6.437    0.140
  380 1     111  218    0    0    0    0.286   -0.188   22.589   22.592    0.135
  381 1     211  219    0    0    0   -0.229   -0.264    1.606    1.649    0.140
  382 1     111  219    0    0    0    0.145    0.271    4.911    4.922    0.135
  383 1     211  222    0    0    0    0.217   -0.104    1.886    1.906    0.140
  384 1     111  222    0    0    0   -0.523   -0.538    3.575    3.655    0.135
  385 1    -211  223    0    0    0    0.431   -0.673   -0.270    0.855    0.140
  386 1     111  223    0    0    0    0.208    0.126   -0.270    0.387    0.135
  387 1     130  224    0    0    0    0.248    0.005    0.343    0.654    0.498
  388 2    -311  226    0  417  417   -0.355   -0.121   -0.279    0.682    0.498
  389 1    -211  226    0    0    0    0.101    0.255   -0.102    0.324    0.140
  390 2   -3122  228    0  418  419   -1.135    0.025   -2.324    2.817    1.116
  391 1     111  228    0    0    0    0.062   -0.070   -0.245    0.295    0.135
  392 2    3222  229    0  420  421   -1.725    1.808   -3.675    4.600    1.189
  393 1    -211  229    0    0    0   -0.253    0.228   -0.690    0.783    0.140
  394 1    -211  231    0    0    0   -0.440   -0.244   -0.913    1.051    0.140
  395 1     111  231    0    0    0   -0.392    0.427   -1.452    1.569    0.135
  396 1     211  233    0    0    0   -0.029   -0.266   -0.671    0.736    0.140
  397 1    -211  233    0    0    0   -0.923    0.095   -1.542    1.805    0.140
  398 1    2112  234    0    0    0   -0.319   -0.072   -3.229    3.379    0.940
  399 1     111  234    0    0    0    0.351   -0.081   -1.243    1.301    0.135
  400 1     211  236    0    0    0    0.416   -0.279   -4.535    4.564    0.140
  401 1     111  236    0    0    0    0.133   -0.198   -0.540    0.606    0.135
  402 1     211  239    0    0    0   -0.129   -0.198   -2.689    2.703    0.140
  403 1    -211  239    0    0    0    0.412   -0.352  -11.170   11.184    0.140
  404 1     211  240    0    0    0    0.202    0.257  -34.944   34.945    0.140
  405 1     111  240    0    0    0   -0.206    0.427  -21.440   21.445    0.135
  406 2    -311  242    0  422  422    0.064    0.104  -54.956   54.958    0.498
  407 1     111  242    0    0    0    0.421   -0.051  -22.142   22.146    0.135
  408 1     321  243    0    0    0   -0.217   -0.095   -3.339    3.384    0.494
  409 1    -321  243    0    0    0   -0.153    0.130   -3.980    4.016    0.494
  410 2     311  244    0  423  423   -0.317    0.266   -0.560    0.856    0.498
  411 1     211  244    0    0    0   -0.344   -0.069   -0.263    0.460    0.140
  412 1    -211  245    0    0    0   -0.123   -0.280   -0.333    0.474    0.140
  413 1     111  245    0    0    0   -0.061    0.172    0.190    0.296    0.135
  414 1     130  272    0    0    0   -0.316    0.483    4.090    4.161    0.498
  415 2     310  275    0  424  425    0.138   -0.149    3.517    3.558    0.498
  416 2     310  308    0  426  427    0.468    0.013   -3.524    3.590    0.498
  417 2     310  388    0  428  429   -0.355   -0.121   -0.279    0.682    0.498
  418 1   -2212  390    0    0    0   -0.982    0.117   -2.040    2.453    0.938
  419 1     211  390    0    0    0   -0.153   -0.092   -0.284    0.364    0.140
  420 1    2112  392    0    0    0   -1.183    1.189   -2.373    3.054    0.940
  421 1     211  392    0    0    0   -0.542    0.619   -1.302    1.546    0.140
  422 1     130  406    0    0    0    0.064    0.104  -54.956   54.958    0.498
  423 1     130  410    0    0    0   -0.317    0.266   -0.560    0.856    0.498
  424 1     211  415    0    0    0    0.070    0.082    0.545    0.573    0.140
  425 1    -211  415    0    0    0    0.069   -0.231    2.972    2.985    0.140
  426 1     211  416    0    0    0   -0.018   -0.055   -0.482    0.505    0.140
  427 1    -211  416    0    0    0    0.486    0.068   -3.042    3.085    0.140
  428 1    -211  417    0    0    0   -0.268   -0.181    0.002    0.352    0.140
  429 1     211  417    0    0    0   -0.087    0.059   -0.281    0.331    0.140

     Advisory warning type 2 given after        2 PYEXEC calls:
     (PYPREP:) Too many junction-junction strings.

     Advisory warning type 2 given after       47 PYEXEC calls:
     (PYPREP:) Too many junction-junction strings.

     Advisory warning type 1 given after      114 PYEXEC calls:
     (PYPREP:) failed to converge on JRF

     Advisory warning type 1 given after      154 PYEXEC calls:
     (PYPREP:) failed to converge on JRF

     Advisory warning type 1 given after      340 PYEXEC calls:
     (PYPREP:) failed to converge on JRF

     Advisory warning type 1 given after      488 PYEXEC calls:
     (PYPREP:) failed to converge on JRF

     Advisory warning type 1 given after      498 PYEXEC calls:
     (PYPREP:) failed to converge on JRF

     Advisory warning type 1 given after      594 PYEXEC calls:
     (PYPREP:) failed to converge on JRF

     Advisory warning type 2 given after      618 PYEXEC calls:
     (PYPREP:) Too many junction-junction strings.

     Advisory warning type 1 given after      654 PYEXEC calls:
     (PYPREP:) failed to converge on JRF

     Advisory warning type 1 given after      715 PYEXEC calls:
     (PYPREP:) failed to converge on JRF

     Advisory warning type 1 given after      729 PYEXEC calls:
     (PYPREP:) failed to converge on JRF

     Advisory warning type 9 given after      869 PYEXEC calls:
     (PYPTIS:) Sorry, I got a heavy companion quark here. Not handled yet, giving up!

     Advisory warning type 2 given after      924 PYEXEC calls:
     (PYPREP:) Too many junction-junction strings.

     Advisory warning type 1 given after     1003 PYEXEC calls:
     (PYPREP:) failed to converge on JRF

     Advisory warning type 9 given after     1013 PYEXEC calls:
     (PYPTIS:) PT2MAX < 1.05 * MQ**2. No Q creation possible.

     Advisory warning type 9 given after     1013 PYEXEC calls:
     (PYPTIS:) PT2MAX < 1.05 * MQ**2. No Q creation possible.

     Advisory warning type 9 given after     1013 PYEXEC calls:
     (PYPTIS:) PT2MAX < 1.05 * MQ**2. No Q creation possible.

     Advisory warning type 9 given after     1013 PYEXEC calls:
     (PYPTIS:) PT2MAX < 1.05 * MQ**2. No Q creation possible.

     Advisory warning type 9 given after     1013 PYEXEC calls:
     (PYPTIS:) PT2MAX < 1.05 * MQ**2. No Q creation possible.

     Error type 9 has occured after     1013 PYEXEC calls:
     (PYEVNW:) failed to evolve shower or multiple interactions. Returning.

     Error type 9 has occured after     1909 PYEXEC calls:
     (PYEVNW:) failed to evolve shower or multiple interactions. Returning.

     Error type 9 has occured after     3274 PYEXEC calls:
     (PYEVNW:) failed to evolve shower or multiple interactions. Returning.

     Error type 4 has occured after     5317 PYEXEC calls:
     (PYSTRF:) caught in infinite loop

     Error type 9 has occured after     7342 PYEXEC calls:
     (PYEVNW:) failed to evolve shower or multiple interactions. Returning.

     Error type 9 has occured after     9489 PYEXEC calls:
     (PYEVNW:) failed to evolve shower or multiple interactions. Returning.

     Error type 9 has occured after     9759 PYEXEC calls:
     (PYEVNW:) failed to evolve shower or multiple interactions. Returning.

     Error type 9 has occured after    10295 PYEXEC calls:
     (PYEVNW:) failed to evolve shower or multiple interactions. Returning.

     Error type 9 has occured after    10366 PYEXEC calls:
     (PYEVNW:) failed to evolve shower or multiple interactions. Returning.

     Error type 9 has occured after    12420 PYEXEC calls:
     (PYEVNW:) failed to evolve shower or multiple interactions. Returning.

     Error type 9 has occured after    13153 PYEXEC calls:
     (PYEVNW:) failed to evolve shower or multiple interactions. Returning.

     Error type 9 has occured after    15965 PYEXEC calls:
     (PYEVNW:) failed to evolve shower or multiple interactions. Returning.

     Error type 9 has occured after    16154 PYEXEC calls:
     (PYEVNW:) failed to evolve shower or multiple interactions. Returning.

     Error type 9 has occured after    16200 PYEXEC calls:
     (PYEVNW:) failed to evolve shower or multiple interactions. Returning.

     Error type 9 has occured after    17863 PYEXEC calls:
     (PYEVNW:) failed to evolve shower or multiple interactions. Returning.
 # of events processed=       20000

     Error type 9 has occured after    23003 PYEXEC calls:
     (PYEVNW:) failed to evolve shower or multiple interactions. Returning.

     Error type 9 has occured after    23434 PYEXEC calls:
     (PYEVNW:) failed to evolve shower or multiple interactions. Returning.

     Error type 9 has occured after    24221 PYEXEC calls:
     (PYEVNW:) failed to evolve shower or multiple interactions. Returning.

     Error type 9 has occured after    24346 PYEXEC calls:
     (PYEVNW:) failed to evolve shower or multiple interactions. Returning.

     Error type 9 has occured after    25336 PYEXEC calls:
     (PYEVNW:) failed to evolve shower or multiple interactions. Returning.

     Error type 9 has occured after    27505 PYEXEC calls:
     (PYEVNW:) failed to evolve shower or multiple interactions. Returning.

     Error type 9 has occured after    28201 PYEXEC calls:
     (PYEVNW:) failed to evolve shower or multiple interactions. Returning.

     Error type 9 has occured after    29782 PYEXEC calls:
     (PYEVNW:) failed to evolve shower or multiple interactions. Returning.

     Error type 9 has occured after    30046 PYEXEC calls:
 Message from PHCORK(MODCOR):: initialization
 MODOP=1 -- no corrections on event: DEFAULT
 Message from PHOTOS: IPHQRK(MODCOR):: (re)initialization
 MODOP=1 -- blocks emission from light quarks: DEFAULT
 Message from PHOTOS: IPHQRK(MODCOR):: (re)initialization
 MODOP=2 -- enables emission from light quarks: TEST 
 Message from PHOTOS: IPHEKL(MODCOR):: (re)initialization
 MODOP=2 -- blocks emission in pi0 to gamma e+e-: DEFAULT
 MODOP=2 -- blocks emission in Kl  to gamma e+e-: DEFAULT
     (PYEVNW:) failed to evolve shower or multiple interactions. Returning.

     Error type 9 has occured after    34099 PYEXEC calls:
     (PYEVNW:) failed to evolve shower or multiple interactions. Returning.

     Error type 4 has occured after    36270 PYEXEC calls:
     (PYSTRF:) caught in infinite loop

     Error type 9 has occured after    36662 PYEXEC calls:
     (PYEVNW:) failed to evolve shower or multiple interactions. Returning.

     Error type 9 has occured after    36801 PYEXEC calls:
     (PYEVNW:) failed to evolve shower or multiple interactions. Returning.

     Error type 9 has occured after    37252 PYEXEC calls:
     (PYEVNW:) failed to evolve shower or multiple interactions. Returning.
 # of events processed=       40000

     Error type 9 has occured after    40533 PYEXEC calls:
     (PYEVNW:) failed to evolve shower or multiple interactions. Returning.

     Error type 9 has occured after    41489 PYEXEC calls:
     (PYEVNW:) failed to evolve shower or multiple interactions. Returning.

     Error type 9 has occured after    41592 PYEXEC calls:
     (PYEVNW:) failed to evolve shower or multiple interactions. Returning.

     Error type 9 has occured after    43290 PYEXEC calls:
     (PYEVNW:) failed to evolve shower or multiple interactions. Returning.

     Error type 9 has occured after    43297 PYEXEC calls:
     (PYEVNW:) failed to evolve shower or multiple interactions. Returning.

     Error type 4 has occured after    48005 PYEXEC calls:
     (PYSTRF:) caught in infinite loop

     Error type 9 has occured after    48023 PYEXEC calls:
     (PYEVNW:) failed to evolve shower or multiple interactions. Returning.

     Error type 9 has occured after    48302 PYEXEC calls:
     (PYEVNW:) failed to evolve shower or multiple interactions. Returning.

     Error type 4 has occured after    49439 PYEXEC calls:
     (PYSTRF:) caught in infinite loop

     Error type 9 has occured after    49519 PYEXEC calls:
     (PYEVNW:) failed to evolve shower or multiple interactions. Returning.

     Error type 9 has occured after    50513 PYEXEC calls:
     (PYEVNW:) failed to evolve shower or multiple interactions. Returning.

     Error type 9 has occured after    50960 PYEXEC calls:
     (PYEVNW:) failed to evolve shower or multiple interactions. Returning.

     Error type 9 has occured after    51242 PYEXEC calls:
     (PYEVNW:) failed to evolve shower or multiple interactions. Returning.

     Error type 9 has occured after    51659 PYEXEC calls:
     (PYEVNW:) failed to evolve shower or multiple interactions. Returning.

     Error type 9 has occured after    52166 PYEXEC calls:
     (PYEVNW:) failed to evolve shower or multiple interactions. Returning.

     Error type 9 has occured after    53131 PYEXEC calls:
     (PYEVNW:) failed to evolve shower or multiple interactions. Returning.

     Error type 4 has occured after    53384 PYEXEC calls:
     (PYSTRF:) caught in infinite loop

     Error type 9 has occured after    57610 PYEXEC calls:
     (PYEVNW:) failed to evolve shower or multiple interactions. Returning.

     Error type 9 has occured after    59976 PYEXEC calls:
     (PYEVNW:) failed to evolve shower or multiple interactions. Returning.
 # of events processed=       60000

     Error type 9 has occured after    60876 PYEXEC calls:
     (PYEVNW:) failed to evolve shower or multiple interactions. Returning.

     Error type 9 has occured after    61913 PYEXEC calls:
     (PYEVNW:) failed to evolve shower or multiple interactions. Returning.

     Error type 9 has occured after    62026 PYEXEC calls:
     (PYEVNW:) failed to evolve shower or multiple interactions. Returning.

     Error type 9 has occured after    63110 PYEXEC calls:
     (PYEVNW:) failed to evolve shower or multiple interactions. Returning.

     Error type 9 has occured after    63307 PYEXEC calls:
     (PYEVNW:) failed to evolve shower or multiple interactions. Returning.

     Error type 9 has occured after    64559 PYEXEC calls:
     (PYEVNW:) failed to evolve shower or multiple interactions. Returning.

     Error type 9 has occured after    65076 PYEXEC calls:
     (PYEVNW:) failed to evolve shower or multiple interactions. Returning.

     Error type 9 has occured after    65581 PYEXEC calls:
     (PYEVNW:) failed to evolve shower or multiple interactions. Returning.

     Error type 9 has occured after    67066 PYEXEC calls:
     (PYEVNW:) failed to evolve shower or multiple interactions. Returning.

     Error type 9 has occured after    67133 PYEXEC calls:
     (PYEVNW:) failed to evolve shower or multiple interactions. Returning.

     Error type 9 has occured after    67431 PYEXEC calls:
     (PYEVNW:) failed to evolve shower or multiple interactions. Returning.

     Error type 9 has occured after    69272 PYEXEC calls:
     (PYEVNW:) failed to evolve shower or multiple interactions. Returning.

     Error type 9 has occured after    71951 PYEXEC calls:
     (PYEVNW:) failed to evolve shower or multiple interactions. Returning.

     Error type 9 has occured after    72152 PYEXEC calls:
     (PYEVNW:) failed to evolve shower or multiple interactions. Returning.

     Error type 4 has occured after    76242 PYEXEC calls:
     (PYSTRF:) caught in infinite loop

     Error type 9 has occured after    77850 PYEXEC calls:
     (PYEVNW:) failed to evolve shower or multiple interactions. Returning.
 # of events processed=       80000

     Error type 9 has occured after    80143 PYEXEC calls:
     (PYEVNW:) failed to evolve shower or multiple interactions. Returning.

     Error type 9 has occured after    81534 PYEXEC calls:
     (PYEVNW:) failed to evolve shower or multiple interactions. Returning.

     Error type 9 has occured after    81697 PYEXEC calls:
     (PYEVNW:) failed to evolve shower or multiple interactions. Returning.

     Error type 9 has occured after    82454 PYEXEC calls:
     (PYEVNW:) failed to evolve shower or multiple interactions. Returning.

     Error type 9 has occured after    82939 PYEXEC calls:
     (PYEVNW:) failed to evolve shower or multiple interactions. Returning.

     Error type 9 has occured after    83108 PYEXEC calls:
     (PYEVNW:) failed to evolve shower or multiple interactions. Returning.

     Error type 9 has occured after    84006 PYEXEC calls:
     (PYEVNW:) failed to evolve shower or multiple interactions. Returning.

     Error type 9 has occured after    84564 PYEXEC calls:
     (PYEVNW:) failed to evolve shower or multiple interactions. Returning.

     Error type 9 has occured after    85901 PYEXEC calls:
     (PYEVNW:) failed to evolve shower or multiple interactions. Returning.

     Error type 9 has occured after    87303 PYEXEC calls:
     (PYEVNW:) failed to evolve shower or multiple interactions. Returning.

     Error type 9 has occured after    88653 PYEXEC calls:
     (PYEVNW:) failed to evolve shower or multiple interactions. Returning.

     Error type 9 has occured after    89444 PYEXEC calls:
     (PYEVNW:) failed to evolve shower or multiple interactions. Returning.

     Error type 9 has occured after    94863 PYEXEC calls:
     (PYEVNW:) failed to evolve shower or multiple interactions. Returning.

     Error type 9 has occured after    95116 PYEXEC calls:
     (PYEVNW:) failed to evolve shower or multiple interactions. Returning.

     Error type 9 has occured after    95294 PYEXEC calls:
     (PYEVNW:) failed to evolve shower or multiple interactions. Returning.

     Error type 9 has occured after    96664 PYEXEC calls:
     (PYEVNW:) failed to evolve shower or multiple interactions. Returning.

     Error type 9 has occured after    97057 PYEXEC calls:
     (PYEVNW:) failed to evolve shower or multiple interactions. Returning.

     Error type 9 has occured after    99441 PYEXEC calls:
     (PYEVNW:) failed to evolve shower or multiple interactions. Returning.
 At the end NEVHEP is        99924
run.py: random number  8643114
run.py: job number  1
Traceback (most recent call last):
  File "./run.py", line 102, in <module>
    runPowHeg()
  File "./run.py", line 91, in runPowHeg
    convertStdHEP('powheg.txt', 'events.root')
  File "./run.py", line 50, in convertStdHEP
    id[npart[0]] = int(info[0])                
IndexError: array assignment index out of range
